<?xml version="1.0" encoding="UTF-8"?>
<coverage generated="1762635116705" clover="3.2.0">
  <project timestamp="1762635116705" name="All files">
    <metrics statements="14" coveredstatements="10" conditionals="8" coveredconditionals="6" methods="3" coveredmethods="2" elements="25" coveredelements="18" complexity="0" loc="14" ncloc="14" packages="1" files="1" classes="1"/>
    <file name="app.js" path="/home/adminuser/mon-app-cicd/app.js">
      <metrics statements="14" coveredstatements="10" conditionals="8" coveredconditionals="6" methods="3" coveredmethods="2"/>
      <line num="1" count="2" type="stmt"/>
      <line num="2" count="2" type="stmt"/>
      <line num="3" count="2" type="cond" truecount="2" falsecount="0"/>
      <line num="4" count="2" type="stmt"/>
      <line num="6" count="2" type="stmt"/>
      <line num="7" count="2" type="stmt"/>
      <line num="15" count="2" type="stmt"/>
      <line num="16" count="2" type="stmt"/>
      <line num="24" count="2" type="cond" truecount="1" falsecount="1"/>
      <line num="25" count="0" type="stmt"/>
      <line num="26" count="0" type="stmt"/>
      <line num="27" count="0" type="stmt"/>
      <line num="28" count="0" type="stmt"/>
      <line num="32" count="2" type="stmt"/>
    </file>
  </project>
</coverage>
