{"/home/adminuser/mon-app-cicd/app.js": {"path":"/home/adminuser/mon-app-cicd/app.js","statementMap":{"0":{"start":{"line":1,"column":16},"end":{"line":1,"column":34}},"1":{"start":{"line":2,"column":15},"end":{"line":2,"column":32}},"2":{"start":{"line":3,"column":13},"end":{"line":3,"column":28}},"3":{"start":{"line":4,"column":18},"end":{"line":4,"column":47}},"4":{"start":{"line":6,"column":12},"end":{"line":6,"column":21}},"5":{"start":{"line":7,"column":13},"end":{"line":7,"column":37}},"6":{"start":{"line":10,"column":0},"end":{"line":10,"column":18}},"7":{"start":{"line":11,"column":0},"end":{"line":11,"column":16}},"8":{"start":{"line":14,"column":16},"end":{"line":21,"column":2}},"9":{"start":{"line":22,"column":0},"end":{"line":22,"column":17}},"10":{"start":{"line":25,"column":0},"end":{"line":25,"column":24}},"11":{"start":{"line":28,"column":0},"end":{"line":32,"column":3}},"12":{"start":{"line":29,"column":20},"end":{"line":29,"column":44}},"13":{"start":{"line":30,"column":2},"end":{"line":30,"column":73}},"14":{"start":{"line":31,"column":2},"end":{"line":31,"column":9}},"15":{"start":{"line":35,"column":0},"end":{"line":57,"column":3}},"16":{"start":{"line":36,"column":2},"end":{"line":56,"column":5}},"17":{"start":{"line":59,"column":0},"end":{"line":72,"column":3}},"18":{"start":{"line":60,"column":2},"end":{"line":71,"column":5}},"19":{"start":{"line":74,"column":0},"end":{"line":84,"column":3}},"20":{"start":{"line":75,"column":2},"end":{"line":83,"column":5}},"21":{"start":{"line":86,"column":0},"end":{"line":110,"column":3}},"22":{"start":{"line":87,"column":17},"end":{"line":87,"column":38}},"23":{"start":{"line":88,"column":2},"end":{"line":109,"column":5}},"24":{"start":{"line":113,"column":0},"end":{"line":126,"column":3}},"25":{"start":{"line":114,"column":2},"end":{"line":125,"column":5}},"26":{"start":{"line":129,"column":0},"end":{"line":131,"column":3}},"27":{"start":{"line":130,"column":2},"end":{"line":130,"column":27}},"28":{"start":{"line":134,"column":0},"end":{"line":149,"column":3}},"29":{"start":{"line":135,"column":2},"end":{"line":148,"column":5}},"30":{"start":{"line":152,"column":0},"end":{"line":169,"column":3}},"31":{"start":{"line":153,"column":2},"end":{"line":159,"column":5}},"32":{"start":{"line":161,"column":2},"end":{"line":168,"column":5}},"33":{"start":{"line":172,"column":15},"end":{"line":181,"column":2}},"34":{"start":{"line":173,"column":2},"end":{"line":173,"column":38}},"35":{"start":{"line":174,"column":2},"end":{"line":174,"column":66}},"36":{"start":{"line":175,"column":2},"end":{"line":175,"column":34}},"37":{"start":{"line":176,"column":2},"end":{"line":176,"column":76}},"38":{"start":{"line":177,"column":2},"end":{"line":177,"column":58}},"39":{"start":{"line":178,"column":2},"end":{"line":178,"column":68}},"40":{"start":{"line":179,"column":2},"end":{"line":179,"column":69}},"41":{"start":{"line":180,"column":2},"end":{"line":180,"column":38}},"42":{"start":{"line":184,"column":0},"end":{"line":190,"column":3}},"43":{"start":{"line":185,"column":2},"end":{"line":185,"column":66}},"44":{"start":{"line":186,"column":2},"end":{"line":189,"column":5}},"45":{"start":{"line":187,"column":4},"end":{"line":187,"column":51}},"46":{"start":{"line":188,"column":4},"end":{"line":188,"column":20}},"47":{"start":{"line":192,"column":0},"end":{"line":198,"column":3}},"48":{"start":{"line":193,"column":2},"end":{"line":193,"column":65}},"49":{"start":{"line":194,"column":2},"end":{"line":197,"column":5}},"50":{"start":{"line":195,"column":4},"end":{"line":195,"column":51}},"51":{"start":{"line":196,"column":4},"end":{"line":196,"column":20}},"52":{"start":{"line":200,"column":0},"end":{"line":200,"column":21}}},"fnMap":{"0":{"name":"(anonymous_0)","decl":{"start":{"line":28,"column":8},"end":{"line":28,"column":9}},"loc":{"start":{"line":28,"column":28},"end":{"line":32,"column":1}},"line":28},"1":{"name":"(anonymous_1)","decl":{"start":{"line":35,"column":20},"end":{"line":35,"column":21}},"loc":{"start":{"line":35,"column":34},"end":{"line":57,"column":1}},"line":35},"2":{"name":"(anonymous_2)","decl":{"start":{"line":59,"column":26},"end":{"line":59,"column":27}},"loc":{"start":{"line":59,"column":40},"end":{"line":72,"column":1}},"line":59},"3":{"name":"(anonymous_3)","decl":{"start":{"line":74,"column":25},"end":{"line":74,"column":26}},"loc":{"start":{"line":74,"column":39},"end":{"line":84,"column":1}},"line":74},"4":{"name":"(anonymous_4)","decl":{"start":{"line":86,"column":27},"end":{"line":86,"column":28}},"loc":{"start":{"line":86,"column":41},"end":{"line":110,"column":1}},"line":86},"5":{"name":"(anonymous_5)","decl":{"start":{"line":113,"column":26},"end":{"line":113,"column":27}},"loc":{"start":{"line":113,"column":40},"end":{"line":126,"column":1}},"line":113},"6":{"name":"(anonymous_6)","decl":{"start":{"line":129,"column":13},"end":{"line":129,"column":14}},"loc":{"start":{"line":129,"column":27},"end":{"line":131,"column":1}},"line":129},"7":{"name":"(anonymous_7)","decl":{"start":{"line":134,"column":13},"end":{"line":134,"column":14}},"loc":{"start":{"line":134,"column":27},"end":{"line":149,"column":1}},"line":134},"8":{"name":"(anonymous_8)","decl":{"start":{"line":152,"column":8},"end":{"line":152,"column":9}},"loc":{"start":{"line":152,"column":33},"end":{"line":169,"column":1}},"line":152},"9":{"name":"(anonymous_9)","decl":{"start":{"line":172,"column":43},"end":{"line":172,"column":44}},"loc":{"start":{"line":172,"column":49},"end":{"line":181,"column":1}},"line":172},"10":{"name":"(anonymous_10)","decl":{"start":{"line":184,"column":22},"end":{"line":184,"column":23}},"loc":{"start":{"line":184,"column":28},"end":{"line":190,"column":1}},"line":184},"11":{"name":"(anonymous_11)","decl":{"start":{"line":186,"column":15},"end":{"line":186,"column":16}},"loc":{"start":{"line":186,"column":21},"end":{"line":189,"column":3}},"line":186},"12":{"name":"(anonymous_12)","decl":{"start":{"line":192,"column":21},"end":{"line":192,"column":22}},"loc":{"start":{"line":192,"column":27},"end":{"line":198,"column":1}},"line":192},"13":{"name":"(anonymous_13)","decl":{"start":{"line":194,"column":15},"end":{"line":194,"column":16}},"loc":{"start":{"line":194,"column":21},"end":{"line":197,"column":3}},"line":194}},"branchMap":{"0":{"loc":{"start":{"line":7,"column":13},"end":{"line":7,"column":37}},"type":"binary-expr","locations":[{"start":{"line":7,"column":13},"end":{"line":7,"column":29}},{"start":{"line":7,"column":33},"end":{"line":7,"column":37}}],"line":7},"1":{"loc":{"start":{"line":39,"column":17},"end":{"line":39,"column":54}},"type":"binary-expr","locations":[{"start":{"line":39,"column":17},"end":{"line":39,"column":37}},{"start":{"line":39,"column":41},"end":{"line":39,"column":54}}],"line":39},"2":{"loc":{"start":{"line":40,"column":14},"end":{"line":40,"column":45}},"type":"binary-expr","locations":[{"start":{"line":40,"column":14},"end":{"line":40,"column":34}},{"start":{"line":40,"column":38},"end":{"line":40,"column":45}}],"line":40},"3":{"loc":{"start":{"line":65,"column":17},"end":{"line":65,"column":54}},"type":"binary-expr","locations":[{"start":{"line":65,"column":17},"end":{"line":65,"column":37}},{"start":{"line":65,"column":41},"end":{"line":65,"column":54}}],"line":65},"4":{"loc":{"start":{"line":119,"column":17},"end":{"line":119,"column":54}},"type":"binary-expr","locations":[{"start":{"line":119,"column":17},"end":{"line":119,"column":37}},{"start":{"line":119,"column":41},"end":{"line":119,"column":54}}],"line":119},"5":{"loc":{"start":{"line":176,"column":35},"end":{"line":176,"column":72}},"type":"binary-expr","locations":[{"start":{"line":176,"column":35},"end":{"line":176,"column":55}},{"start":{"line":176,"column":59},"end":{"line":176,"column":72}}],"line":176}},"s":{"0":1,"1":1,"2":1,"3":1,"4":1,"5":1,"6":1,"7":1,"8":1,"9":1,"10":1,"11":1,"12":7,"13":7,"14":7,"15":1,"16":1,"17":1,"18":1,"19":1,"20":1,"21":1,"22":1,"23":1,"24":1,"25":1,"26":1,"27":1,"28":1,"29":1,"30":1,"31":0,"32":0,"33":1,"34":1,"35":1,"36":1,"37":1,"38":1,"39":1,"40":1,"41":1,"42":1,"43":0,"44":0,"45":0,"46":0,"47":1,"48":0,"49":0,"50":0,"51":0,"52":1},"f":{"0":7,"1":1,"2":1,"3":1,"4":1,"5":1,"6":1,"7":1,"8":0,"9":1,"10":0,"11":0,"12":0,"13":0},"b":{"0":[1,1],"1":[1,0],"2":[1,1],"3":[1,0],"4":[1,0],"5":[1,0]},"_coverageSchema":"1a1c01bbd47fc00a2c39e90264f33305004495a9","hash":"339863ee2fc217d4fe2fdd2e5a6235aabfd0f3a3"}
}
