TN:
SF:src/app-base.js
FN:14,(anonymous_0)
FN:21,(anonymous_1)
FN:34,(anonymous_2)
FN:45,(anonymous_3)
FN:50,(anonymous_4)
FN:54,(anonymous_5)
FN:69,(anonymous_6)
FN:73,(anonymous_7)
FN:93,(anonymous_8)
FN:100,(anonymous_9)
FN:104,(anonymous_10)
FNF:11
FNH:0
FNDA:0,(anonymous_0)
FNDA:0,(anonymous_1)
FNDA:0,(anonymous_2)
FNDA:0,(anonymous_3)
FNDA:0,(anonymous_4)
FNDA:0,(anonymous_5)
FNDA:0,(anonymous_6)
FNDA:0,(anonymous_7)
FNDA:0,(anonymous_8)
FNDA:0,(anonymous_9)
FNDA:0,(anonymous_10)
DA:1,0
DA:2,0
DA:3,0
DA:4,0
DA:5,0
DA:6,0
DA:7,0
DA:8,0
DA:9,0
DA:10,0
DA:11,0
DA:15,0
DA:16,0
DA:17,0
DA:18,0
DA:22,0
DA:23,0
DA:25,0
DA:29,0
DA:31,0
DA:32,0
DA:34,0
DA:35,0
DA:36,0
DA:37,0
DA:39,0
DA:42,0
DA:46,0
DA:47,0
DA:48,0
DA:50,0
DA:51,0
DA:54,0
DA:55,0
DA:66,0
DA:70,0
DA:71,0
DA:73,0
DA:74,0
DA:75,0
DA:76,0
DA:77,0
DA:78,0
DA:79,0
DA:80,0
DA:81,0
DA:82,0
DA:83,0
DA:86,0
DA:88,0
DA:89,0
DA:94,0
DA:95,0
DA:96,0
DA:101,0
DA:105,0
DA:109,0
LF:57
LH:0
BRDA:36,0,0,0
BRDA:36,0,1,0
BRDA:74,1,0,0
BRDA:74,1,1,0
BRDA:94,2,0,0
BRDA:94,2,1,0
BRF:6
BRH:0
end_of_record
TN:
SF:src/app.js
FN:14,(anonymous_0)
FN:21,(anonymous_1)
FN:34,(anonymous_2)
FN:45,(anonymous_3)
FN:50,(anonymous_4)
FN:54,(anonymous_5)
FN:69,(anonymous_6)
FN:73,(anonymous_7)
FN:93,(anonymous_8)
FN:100,(anonymous_9)
FN:104,(anonymous_10)
FNF:11
FNH:9
FNDA:1,(anonymous_0)
FNDA:1,(anonymous_1)
FNDA:5,(anonymous_2)
FNDA:1,(anonymous_3)
FNDA:0,(anonymous_4)
FNDA:1,(anonymous_5)
FNDA:1,(anonymous_6)
FNDA:1,(anonymous_7)
FNDA:1,(anonymous_8)
FNDA:5,(anonymous_9)
FNDA:0,(anonymous_10)
DA:1,1
DA:2,1
DA:3,1
DA:4,1
DA:5,1
DA:6,1
DA:7,1
DA:8,1
DA:9,1
DA:10,1
DA:11,1
DA:15,1
DA:16,1
DA:17,1
DA:18,1
DA:22,1
DA:23,1
DA:25,1
DA:29,1
DA:31,1
DA:32,1
DA:34,1
DA:35,5
DA:36,5
DA:37,0
DA:39,5
DA:42,1
DA:46,1
DA:47,1
DA:48,1
DA:50,1
DA:51,0
DA:54,1
DA:55,1
DA:66,1
DA:70,1
DA:71,1
DA:73,1
DA:74,1
DA:75,0
DA:76,0
DA:77,0
DA:78,0
DA:79,0
DA:80,0
DA:81,0
DA:82,0
DA:83,0
DA:86,1
DA:88,0
DA:89,0
DA:94,1
DA:95,1
DA:96,1
DA:101,5
DA:105,0
DA:109,1
LF:57
LH:43
BRDA:36,0,0,0
BRDA:36,0,1,5
BRDA:74,1,0,0
BRDA:74,1,1,1
BRDA:94,2,0,1
BRDA:94,2,1,0
BRF:6
BRH:3
end_of_record
TN:
SF:src/config/config.js
FNF:0
FNH:0
DA:1,1
DA:13,1
LF:2
LH:2
BRDA:5,0,0,1
BRDA:5,0,1,1
BRDA:6,1,0,1
BRDA:6,1,1,0
BRF:4
BRH:3
end_of_record
TN:
SF:src/config/database.js
FN:26,(anonymous_0)
FN:31,(anonymous_1)
FN:46,(anonymous_2)
FN:57,(anonymous_3)
FN:71,(anonymous_4)
FNF:5
FNH:3
FNDA:1,(anonymous_0)
FNDA:2,(anonymous_1)
FNDA:2,(anonymous_2)
FNDA:0,(anonymous_3)
FNDA:0,(anonymous_4)
DA:1,1
DA:3,1
DA:27,1
DA:28,1
DA:32,2
DA:33,2
DA:35,2
DA:36,2
DA:37,2
DA:38,2
DA:41,0
DA:42,0
DA:47,2
DA:48,2
DA:49,2
DA:50,2
DA:52,0
DA:53,0
DA:58,0
DA:68,1
DA:71,1
DA:72,0
DA:73,0
DA:76,1
LF:24
LH:17
BRDA:4,0,0,1
BRDA:4,0,1,1
BRDA:33,1,0,2
BRDA:33,1,1,0
BRF:4
BRH:3
end_of_record
TN:
SF:src/controllers/healthController.js
FN:1,(anonymous_0)
FN:13,(anonymous_1)
FNF:2
FNH:0
FNDA:0,(anonymous_0)
FNDA:0,(anonymous_1)
DA:1,0
DA:2,0
DA:10,0
DA:13,0
DA:15,0
DA:25,0
LF:6
LH:0
BRDA:7,0,0,0
BRDA:7,0,1,0
BRF:2
BRH:0
end_of_record
TN:
SF:src/middleware/errorHandler.js
FN:1,(anonymous_0)
FNF:1
FNH:0
FNDA:0,(anonymous_0)
DA:1,1
DA:2,0
DA:10,0
DA:11,0
DA:13,0
DA:23,1
LF:6
LH:2
BRDA:10,0,0,0
BRDA:10,0,1,0
BRDA:11,1,0,0
BRDA:11,1,1,0
BRF:4
BRH:0
end_of_record
TN:
SF:src/middleware/logger.js
FN:1,(anonymous_0)
FN:4,(anonymous_1)
FNF:2
FNH:2
FNDA:5,(anonymous_0)
FNDA:5,(anonymous_1)
DA:1,1
DA:2,5
DA:4,5
DA:5,5
DA:6,5
DA:16,5
DA:19,1
LF:7
LH:7
BRDA:12,0,0,5
BRDA:12,0,1,5
BRF:2
BRH:2
end_of_record
TN:
SF:src/models/User.js
FN:44,(anonymous_0)
FN:58,(anonymous_1)
FN:62,(anonymous_2)
FNF:3
FNH:0
FNDA:0,(anonymous_0)
FNDA:0,(anonymous_1)
FNDA:0,(anonymous_2)
DA:1,1
DA:3,1
DA:45,0
DA:46,0
DA:47,0
DA:48,0
DA:49,0
DA:54,1
DA:55,1
DA:56,1
DA:58,1
DA:59,0
DA:62,1
DA:63,0
DA:66,1
LF:15
LH:8
BRF:0
BRH:0
end_of_record
TN:
SF:src/routes/appRoutes.js
FN:9,(anonymous_0)
FN:28,(anonymous_1)
FNF:2
FNH:1
FNDA:1,(anonymous_0)
FNDA:0,(anonymous_1)
DA:1,1
DA:2,1
DA:9,1
DA:10,1
DA:28,1
DA:29,0
DA:40,1
LF:7
LH:6
BRDA:33,0,0,0
BRDA:33,0,1,0
BRF:2
BRH:0
end_of_record
TN:
SF:src/routes/healthRoutes.js
FN:9,(anonymous_0)
FN:24,(anonymous_1)
FN:41,(anonymous_2)
FN:55,(anonymous_3)
FNF:4
FNH:2
FNDA:1,(anonymous_0)
FNDA:1,(anonymous_1)
FNDA:0,(anonymous_2)
FNDA:0,(anonymous_3)
DA:1,1
DA:2,1
DA:9,1
DA:10,1
DA:24,1
DA:25,1
DA:41,1
DA:42,0
DA:52,1
DA:55,1
DA:56,0
LF:11
LH:9
BRDA:15,0,0,1
BRDA:15,0,1,0
BRF:2
BRH:1
end_of_record
TN:
SF:src/routes/userRoutes.js
FN:6,(anonymous_0)
FN:23,(anonymous_1)
FN:47,(anonymous_2)
FN:87,(anonymous_3)
FN:111,(anonymous_4)
FNF:5
FNH:1
FNDA:1,(anonymous_0)
FNDA:0,(anonymous_1)
FNDA:0,(anonymous_2)
FNDA:0,(anonymous_3)
FNDA:0,(anonymous_4)
DA:1,1
DA:2,1
DA:3,1
DA:6,1
DA:7,1
DA:8,1
DA:9,0
DA:15,1
DA:23,1
DA:24,0
DA:25,0
DA:27,0
DA:28,0
DA:34,0
DA:39,0
DA:47,1
DA:48,0
DA:49,0
DA:51,0
DA:52,0
DA:58,0
DA:59,0
DA:60,0
DA:66,0
DA:74,0
DA:79,0
DA:87,1
DA:88,0
DA:89,0
DA:91,0
DA:92,0
DA:98,0
DA:103,0
DA:111,1
DA:112,0
DA:113,0
DA:115,0
DA:116,0
DA:122,0
DA:127,0
DA:134,1
LF:41
LH:12
BRDA:27,0,0,0
BRDA:27,0,1,0
BRDA:51,1,0,0
BRDA:51,1,1,0
BRDA:51,2,0,0
BRDA:51,2,1,0
BRDA:51,2,2,0
BRDA:59,3,0,0
BRDA:59,3,1,0
BRDA:91,4,0,0
BRDA:91,4,1,0
BRDA:115,5,0,0
BRDA:115,5,1,0
BRF:13
BRH:0
end_of_record
TN:
SF:src/services/UserService.js
FN:5,(anonymous_0)
FN:15,(anonymous_1)
FN:24,(anonymous_2)
FN:33,(anonymous_3)
FN:36,(anonymous_4)
FN:42,(anonymous_5)
FN:55,(anonymous_6)
FN:64,(anonymous_7)
FNF:8
FNH:1
FNDA:0,(anonymous_0)
FNDA:0,(anonymous_1)
FNDA:0,(anonymous_2)
FNDA:1,(anonymous_3)
FNDA:0,(anonymous_4)
FNDA:0,(anonymous_5)
FNDA:0,(anonymous_6)
FNDA:0,(anonymous_7)
DA:1,1
DA:6,0
DA:7,0
DA:8,0
DA:9,0
DA:11,0
DA:16,0
DA:17,0
DA:18,0
DA:20,0
DA:25,0
DA:26,0
DA:27,0
DA:29,0
DA:34,1
DA:35,1
DA:36,0
DA:38,1
DA:43,0
DA:44,0
DA:49,0
DA:51,0
DA:56,0
DA:57,0
DA:58,0
DA:60,0
DA:65,0
DA:66,0
DA:68,0
DA:73,1
LF:30
LH:5
BRDA:18,0,0,0
BRDA:18,0,1,0
BRDA:27,1,0,0
BRDA:27,1,1,0
BRDA:49,2,0,0
BRDA:49,2,1,0
BRF:6
BRH:0
end_of_record
