TN:
SF:app.js
FN:28,(anonymous_0)
FN:35,(anonymous_1)
FN:59,(anonymous_2)
FN:74,(anonymous_3)
FN:86,(anonymous_4)
FN:113,(anonymous_5)
FN:129,(anonymous_6)
FN:134,(anonymous_7)
FN:152,(anonymous_8)
FN:172,(anonymous_9)
FN:184,(anonymous_10)
FN:186,(anonymous_11)
FN:192,(anonymous_12)
FN:194,(anonymous_13)
FNF:14
FNH:9
FNDA:7,(anonymous_0)
FNDA:1,(anonymous_1)
FNDA:1,(anonymous_2)
FNDA:1,(anonymous_3)
FNDA:1,(anonymous_4)
FNDA:1,(anonymous_5)
FNDA:1,(anonymous_6)
FNDA:1,(anonymous_7)
FNDA:0,(anonymous_8)
FNDA:1,(anonymous_9)
FNDA:0,(anonymous_10)
FNDA:0,(anonymous_11)
FNDA:0,(anonymous_12)
FNDA:0,(anonymous_13)
DA:1,1
DA:2,1
DA:3,1
DA:4,1
DA:6,1
DA:7,1
DA:10,1
DA:11,1
DA:14,1
DA:22,1
DA:25,1
DA:28,1
DA:29,7
DA:30,7
DA:31,7
DA:35,1
DA:36,1
DA:59,1
DA:60,1
DA:74,1
DA:75,1
DA:86,1
DA:87,1
DA:88,1
DA:113,1
DA:114,1
DA:129,1
DA:130,1
DA:134,1
DA:135,1
DA:152,1
DA:153,0
DA:161,0
DA:172,1
DA:173,1
DA:174,1
DA:175,1
DA:176,1
DA:177,1
DA:178,1
DA:179,1
DA:180,1
DA:184,1
DA:185,0
DA:186,0
DA:187,0
DA:188,0
DA:192,1
DA:193,0
DA:194,0
DA:195,0
DA:196,0
DA:200,1
LF:53
LH:43
BRDA:7,0,0,1
BRDA:7,0,1,1
BRDA:39,1,0,1
BRDA:39,1,1,0
BRDA:40,2,0,1
BRDA:40,2,1,1
BRDA:65,3,0,1
BRDA:65,3,1,0
BRDA:119,4,0,1
BRDA:119,4,1,0
BRDA:176,5,0,1
BRDA:176,5,1,0
BRF:12
BRH:8
end_of_record
